Determining if the pthread_create exist failed with the following output:
Change Dir: /home/kacper/Pulpit/List/build/CMakeFiles/CMakeTmp

Run Build Command:"/usr/bin/make" "cmTC_74cb2/fast"
/usr/bin/make -f CMakeFiles/cmTC_74cb2.dir/build.make CMakeFiles/cmTC_74cb2.dir/build
make[1]: Entering directory '/home/kacper/Pulpit/List/build/CMakeFiles/CMakeTmp'
Building C object CMakeFiles/cmTC_74cb2.dir/CheckSymbolExists.c.o
/usr/bin/cc    -o CMakeFiles/cmTC_74cb2.dir/CheckSymbolExists.c.o   -c /home/kacper/Pulpit/List/build/CMakeFiles/CMakeTmp/CheckSymbolExists.c
Linking C executable cmTC_74cb2
/usr/bin/cmake -E cmake_link_script CMakeFiles/cmTC_74cb2.dir/link.txt --verbose=1
/usr/bin/cc      CMakeFiles/cmTC_74cb2.dir/CheckSymbolExists.c.o  -o cmTC_74cb2 
CMakeFiles/cmTC_74cb2.dir/CheckSymbolExists.c.o: In function `main':
CheckSymbolExists.c:(.text+0x1b): undefined reference to `pthread_create'
collect2: error: ld returned 1 exit status
CMakeFiles/cmTC_74cb2.dir/build.make:97: recipe for target 'cmTC_74cb2' failed
make[1]: *** [cmTC_74cb2] Error 1
make[1]: Leaving directory '/home/kacper/Pulpit/List/build/CMakeFiles/CMakeTmp'
Makefile:126: recipe for target 'cmTC_74cb2/fast' failed
make: *** [cmTC_74cb2/fast] Error 2

File /home/kacper/Pulpit/List/build/CMakeFiles/CMakeTmp/CheckSymbolExists.c:
/* */
#include <pthread.h>

int main(int argc, char** argv)
{
  (void)argv;
#ifndef pthread_create
  return ((int*)(&pthread_create))[argc];
#else
  (void)argc;
  return 0;
#endif
}

Determining if the function pthread_create exists in the pthreads failed with the following output:
Change Dir: /home/kacper/Pulpit/List/build/CMakeFiles/CMakeTmp

Run Build Command:"/usr/bin/make" "cmTC_2654a/fast"
/usr/bin/make -f CMakeFiles/cmTC_2654a.dir/build.make CMakeFiles/cmTC_2654a.dir/build
make[1]: Entering directory '/home/kacper/Pulpit/List/build/CMakeFiles/CMakeTmp'
Building C object CMakeFiles/cmTC_2654a.dir/CheckFunctionExists.c.o
/usr/bin/cc   -DCHECK_FUNCTION_EXISTS=pthread_create   -o CMakeFiles/cmTC_2654a.dir/CheckFunctionExists.c.o   -c /usr/share/cmake-3.10/Modules/CheckFunctionExists.c
Linking C executable cmTC_2654a
/usr/bin/cmake -E cmake_link_script CMakeFiles/cmTC_2654a.dir/link.txt --verbose=1
/usr/bin/cc  -DCHECK_FUNCTION_EXISTS=pthread_create    CMakeFiles/cmTC_2654a.dir/CheckFunctionExists.c.o  -o cmTC_2654a -lpthreads 
/usr/bin/ld: cannot find -lpthreads
collect2: error: ld returned 1 exit status
CMakeFiles/cmTC_2654a.dir/build.make:97: recipe for target 'cmTC_2654a' failed
make[1]: *** [cmTC_2654a] Error 1
make[1]: Leaving directory '/home/kacper/Pulpit/List/build/CMakeFiles/CMakeTmp'
Makefile:126: recipe for target 'cmTC_2654a/fast' failed
make: *** [cmTC_2654a/fast] Error 2


